<?xml version="1.0" encoding="UTF-8"?>
<testsuite xmlns:xsi="http://www.w3.org/2001/XMLSchema-instance" xsi:noNamespaceSchemaLocation="https://maven.apache.org/surefire/maven-surefire-plugin/xsd/surefire-test-report.xsd" name="com.sy.qing.service.imple.CategoryServiceImpleTest" time="0.213" tests="3" errors="0" skipped="0" failures="0">
  <properties>
[...]
</properties>
  <testcase name="cId" classname="com.sy.qing.service.imple.CategoryServiceImpleTest" time="0.014"/>
  <testcase name="cid3" classname="com.sy.qing.service.imple.CategoryServiceImpleTest" time="0.121"/>
  <testcase name="categoryList" classname="com.sy.qing.service.imple.CategoryServiceImpleTest" time="0.075"/>
</testsuite>